Build started 18.05.2015 19:03:58.
     1>Project "D:\Other\VSprojects\VRML-Browser\VRML-Browser\VRML-Browser.vcxproj" on node 2 (Build target(s)).
     1>ClCompile:
         C:\Program Files (x86)\Microsoft Visual Studio 12.0\VC\bin\CL.exe /c /I"C:\Program Files\Microsoft SDKs\Windows\v7.0\Include" /I"C:\Program Files (x86)\Microsoft Visual Studio 12.0\VC\include" /I"C:\Program Files (x86)\Microsoft SDKs\Windows\v7.1A\Include" /Zi /nologo /W3 /WX- /O2 /Oi /Oy- /GL /D WIN32 /D NDEBUG /D _CONSOLE /D _LIB /D _UNICODE /D UNICODE /Gm- /EHsc /MD /GS /Gy /fp:precise /Zc:wchar_t /Zc:forScope /Fo"Release\\" /Fd"Release\vc120.pdb" /Gd /TP /wd4005 /analyze- /errorReport:prompt browser.cpp cone.cpp cube.cpp cylinder.cpp figure.cpp figureQueue.cpp main.cpp parallelepiped.cpp parser.cpp prism.cpp pyramid.cpp sphere.cpp
         browser.cpp
         cone.cpp
         cube.cpp
         cylinder.cpp
         figure.cpp
         figureQueue.cpp
         main.cpp
         parallelepiped.cpp
         parser.cpp
         prism.cpp
         pyramid.cpp
         sphere.cpp
       Link:
         C:\Program Files (x86)\Microsoft Visual Studio 12.0\VC\bin\link.exe /ERRORREPORT:PROMPT /OUT:"D:\Other\VSprojects\VRML-Browser\Release\VRML-Browser.exe" /INCREMENTAL:NO /NOLOGO /LIBPATH:"C:\Program Files\Microsoft SDKs\Windows\v7.0\Lib" /LIBPATH:"C:\Program Files (x86)\Microsoft Visual Studio 12.0\VC\lib" /LIBPATH:"C:\Program Files (x86)\Microsoft SDKs\Windows\v7.1A\Lib" opengl32.lib glut32.lib glu32.lib kernel32.lib user32.lib gdi32.lib winspool.lib comdlg32.lib advapi32.lib shell32.lib ole32.lib oleaut32.lib uuid.lib odbc32.lib odbccp32.lib /MANIFEST /MANIFESTUAC:"level='asInvoker' uiAccess='false'" /manifest:embed /DEBUG /PDB:"D:\Other\VSprojects\VRML-Browser\Release\VRML-Browser.pdb" /SUBSYSTEM:CONSOLE /OPT:REF /OPT:ICF /LTCG /TLBID:1 /ENTRY:"mainCRTStartup" /DYNAMICBASE /NXCOMPAT /IMPLIB:"D:\Other\VSprojects\VRML-Browser\Release\VRML-Browser.lib" /MACHINE:X86 /SAFESEH:NO Release\browser.obj
         Release\cone.obj
         Release\cube.obj
         Release\cylinder.obj
         Release\figure.obj
         Release\figureQueue.obj
         Release\main.obj
         Release\parallelepiped.obj
         Release\parser.obj
         Release\prism.obj
         Release\pyramid.obj
         Release\sphere.obj
         Generating code
         Finished generating code
         VRML-Browser.vcxproj -> D:\Other\VSprojects\VRML-Browser\Release\VRML-Browser.exe
     1>Done Building Project "D:\Other\VSprojects\VRML-Browser\VRML-Browser\VRML-Browser.vcxproj" (Build target(s)).

Build succeeded.

Time Elapsed 00:00:16.42
